Base path: C:/Program Files/Unity/Editor/Data
Cmd: getPlatforms
<<<<<<< HEAD
=======
<<<<<<< HEAD
=======
<<<<<<< HEAD
=======
<<<<<<< HEAD
=======
<<<<<<< HEAD
=======
Cmd: preprocess
  insize=21704 outsize=3788 ok=1
Cmd: preprocess
  insize=21704 outsize=3788 ok=1
>>>>>>> a259ff909bce08ab43dc12ee20616061c0db70b6
>>>>>>> fcf5b05599a6cac7f2596c728ada37ddb8e1fe86
>>>>>>> e685985fe985d6561b9a3332a9a17ce94c31712b
>>>>>>> 55624324feebefcb54346bf29863ca3abd96eb87
>>>>>>> 9fe85d43c38d90f1a5146393bd7d4a272a861ce2
